<?xml version="1.0" encoding="UTF-8" standalone="no"?>
<!DOCTYPE log SYSTEM "logger.dtd">
<log>
<record>
  <date>2010-07-02T09:21:19</date>
  <millis>1278076879671</millis>
  <sequence>3</sequence>
  <logger>ar.com.crowsoft.cvxi</logger>
  <level>INFO</level>
  <class>buggymastercode.BuggyMasterCodeApp</class>
  <method>startLog</method>
  <thread>10</thread>
  <message>initializing BuggyMasterCode</message>
</record>
<record>
  <date>2010-07-02T09:21:19</date>
  <millis>1278076879671</millis>
  <sequence>4</sequence>
  <logger>ar.com.crowsoft.cvxi</logger>
  <level>INFO</level>
  <class>buggymastercode.BuggyMasterCodeApp</class>
  <method>startLog</method>
  <thread>10</thread>
  <message>running in: C:\dev\proyectos.nb\BuggyMasterCode</message>
</record>
<record>
  <date>2010-07-02T09:21:30</date>
  <millis>1278076890953</millis>
  <sequence>9</sequence>
  <logger>ar.com.crowsoft.cvxi</logger>
  <level>WARNING</level>
  <class>buggymastercode.ClassDialog</class>
  <method>loadVariables</method>
  <thread>10</thread>
  <message>loading functions failed</message>
  <exception>
    <message>java.lang.IllegalArgumentException: Invalid property name 'var_dataty'</message>
    <frame>
      <class>org.apache.commons.beanutils.BasicDynaBean</class>
      <method>getDynaProperty</method>
      <line>400</line>
    </frame>
    <frame>
      <class>org.apache.commons.beanutils.BasicDynaBean</class>
      <method>get</method>
      <line>151</line>
    </frame>
    <frame>
      <class>buggymastercode.ClassDialog</class>
      <method>loadVariables</method>
      <line>567</line>
    </frame>
    <frame>
      <class>buggymastercode.ClassDialog</class>
      <method>initDialog</method>
      <line>415</line>
    </frame>
    <frame>
      <class>buggymastercode.ClassDialog</class>
      <method>edit</method>
      <line>447</line>
    </frame>
    <frame>
      <class>buggymastercode.Dictionary</class>
      <method>editClass</method>
      <line>212</line>
    </frame>
    <frame>
      <class>buggymastercode.Dictionary$1</class>
      <method>mouseClicked</method>
      <line>46</line>
    </frame>
    <frame>
      <class>java.awt.AWTEventMulticaster</class>
      <method>mouseClicked</method>
      <line>253</line>
    </frame>
    <frame>
      <class>java.awt.Component</class>
      <method>processMouseEvent</method>
      <line>6266</line>
    </frame>
    <frame>
      <class>javax.swing.JComponent</class>
      <method>processMouseEvent</method>
      <line>3267</line>
    </frame>
    <frame>
      <class>java.awt.Component</class>
      <method>processEvent</method>
      <line>6028</line>
    </frame>
    <frame>
      <class>java.awt.Container</class>
      <method>processEvent</method>
      <line>2041</line>
    </frame>
    <frame>
      <class>java.awt.Component</class>
      <method>dispatchEventImpl</method>
      <line>4630</line>
    </frame>
    <frame>
      <class>java.awt.Container</class>
      <method>dispatchEventImpl</method>
      <line>2099</line>
    </frame>
    <frame>
      <class>java.awt.Component</class>
      <method>dispatchEvent</method>
      <line>4460</line>
    </frame>
    <frame>
      <class>java.awt.LightweightDispatcher</class>
      <method>retargetMouseEvent</method>
      <line>4574</line>
    </frame>
    <frame>
      <class>java.awt.LightweightDispatcher</class>
      <method>processMouseEvent</method>
      <line>4247</line>
    </frame>
    <frame>
      <class>java.awt.LightweightDispatcher</class>
      <method>dispatchEvent</method>
      <line>4168</line>
    </frame>
    <frame>
      <class>java.awt.Container</class>
      <method>dispatchEventImpl</method>
      <line>2085</line>
    </frame>
    <frame>
      <class>java.awt.Window</class>
      <method>dispatchEventImpl</method>
      <line>2475</line>
    </frame>
    <frame>
      <class>java.awt.Component</class>
      <method>dispatchEvent</method>
      <line>4460</line>
    </frame>
    <frame>
      <class>java.awt.EventQueue</class>
      <method>dispatchEvent</method>
      <line>599</line>
    </frame>
    <frame>
      <class>java.awt.EventDispatchThread</class>
      <method>pumpOneEventForFilters</method>
      <line>269</line>
    </frame>
    <frame>
      <class>java.awt.EventDispatchThread</class>
      <method>pumpEventsForFilter</method>
      <line>184</line>
    </frame>
    <frame>
      <class>java.awt.EventDispatchThread</class>
      <method>pumpEventsForFilter</method>
      <line>178</line>
    </frame>
    <frame>
      <class>java.awt.Dialog$1</class>
      <method>run</method>
      <line>1045</line>
    </frame>
    <frame>
      <class>java.awt.Dialog$3</class>
      <method>run</method>
      <line>1097</line>
    </frame>
    <frame>
      <class>java.security.AccessController</class>
      <method>doPrivileged</method>
    </frame>
    <frame>
      <class>java.awt.Dialog</class>
      <method>show</method>
      <line>1095</line>
    </frame>
    <frame>
      <class>java.awt.Component</class>
      <method>show</method>
      <line>1563</line>
    </frame>
    <frame>
      <class>java.awt.Component</class>
      <method>setVisible</method>
      <line>1515</line>
    </frame>
    <frame>
      <class>java.awt.Window</class>
      <method>setVisible</method>
      <line>841</line>
    </frame>
    <frame>
      <class>java.awt.Dialog</class>
      <method>setVisible</method>
      <line>985</line>
    </frame>
    <frame>
      <class>org.jdesktop.application.SingleFrameApplication</class>
      <method>show</method>
      <line>296</line>
    </frame>
    <frame>
      <class>buggymastercode.BuggyMasterCodeView</class>
      <method>showDictionary</method>
      <line>370</line>
    </frame>
    <frame>
      <class>sun.reflect.NativeMethodAccessorImpl</class>
      <method>invoke0</method>
    </frame>
    <frame>
      <class>sun.reflect.NativeMethodAccessorImpl</class>
      <method>invoke</method>
      <line>39</line>
    </frame>
    <frame>
      <class>sun.reflect.DelegatingMethodAccessorImpl</class>
      <method>invoke</method>
      <line>25</line>
    </frame>
    <frame>
      <class>java.lang.reflect.Method</class>
      <method>invoke</method>
      <line>597</line>
    </frame>
    <frame>
      <class>org.jdesktop.application.ApplicationAction</class>
      <method>noProxyActionPerformed</method>
      <line>662</line>
    </frame>
    <frame>
      <class>org.jdesktop.application.ApplicationAction</class>
      <method>actionPerformed</method>
      <line>698</line>
    </frame>
    <frame>
      <class>javax.swing.AbstractButton</class>
      <method>fireActionPerformed</method>
      <line>1995</line>
    </frame>
    <frame>
      <class>javax.swing.AbstractButton$Handler</class>
      <method>actionPerformed</method>
      <line>2318</line>
    </frame>
    <frame>
      <class>javax.swing.DefaultButtonModel</class>
      <method>fireActionPerformed</method>
      <line>387</line>
    </frame>
    <frame>
      <class>javax.swing.DefaultButtonModel</class>
      <method>setPressed</method>
      <line>242</line>
    </frame>
    <frame>
      <class>javax.swing.AbstractButton</class>
      <method>doClick</method>
      <line>357</line>
    </frame>
    <frame>
      <class>javax.swing.plaf.basic.BasicMenuItemUI</class>
      <method>doClick</method>
      <line>1225</line>
    </frame>
    <frame>
      <class>javax.swing.plaf.basic.BasicMenuItemUI$Handler</class>
      <method>mouseReleased</method>
      <line>1266</line>
    </frame>
    <frame>
      <class>java.awt.AWTEventMulticaster</class>
      <method>mouseReleased</method>
      <line>272</line>
    </frame>
    <frame>
      <class>java.awt.Component</class>
      <method>processMouseEvent</method>
      <line>6263</line>
    </frame>
    <frame>
      <class>javax.swing.JComponent</class>
      <method>processMouseEvent</method>
      <line>3267</line>
    </frame>
    <frame>
      <class>java.awt.Component</class>
      <method>processEvent</method>
      <line>6028</line>
    </frame>
    <frame>
      <class>java.awt.Container</class>
      <method>processEvent</method>
      <line>2041</line>
    </frame>
    <frame>
      <class>java.awt.Component</class>
      <method>dispatchEventImpl</method>
      <line>4630</line>
    </frame>
    <frame>
      <class>java.awt.Container</class>
      <method>dispatchEventImpl</method>
      <line>2099</line>
    </frame>
    <frame>
      <class>java.awt.Component</class>
      <method>dispatchEvent</method>
      <line>4460</line>
    </frame>
    <frame>
      <class>java.awt.LightweightDispatcher</class>
      <method>retargetMouseEvent</method>
      <line>4574</line>
    </frame>
    <frame>
      <class>java.awt.LightweightDispatcher</class>
      <method>processMouseEvent</method>
      <line>4238</line>
    </frame>
    <frame>
      <class>java.awt.LightweightDispatcher</class>
      <method>dispatchEvent</method>
      <line>4168</line>
    </frame>
    <frame>
      <class>java.awt.Container</class>
      <method>dispatchEventImpl</method>
      <line>2085</line>
    </frame>
    <frame>
      <class>java.awt.Window</class>
      <method>dispatchEventImpl</method>
      <line>2475</line>
    </frame>
    <frame>
      <class>java.awt.Component</class>
      <method>dispatchEvent</method>
      <line>4460</line>
    </frame>
    <frame>
      <class>java.awt.EventQueue</class>
      <method>dispatchEvent</method>
      <line>599</line>
    </frame>
    <frame>
      <class>java.awt.EventDispatchThread</class>
      <method>pumpOneEventForFilters</method>
      <line>269</line>
    </frame>
    <frame>
      <class>java.awt.EventDispatchThread</class>
      <method>pumpEventsForFilter</method>
      <line>184</line>
    </frame>
    <frame>
      <class>java.awt.EventDispatchThread</class>
      <method>pumpEventsForHierarchy</method>
      <line>174</line>
    </frame>
    <frame>
      <class>java.awt.EventDispatchThread</class>
      <method>pumpEvents</method>
      <line>169</line>
    </frame>
    <frame>
      <class>java.awt.EventDispatchThread</class>
      <method>pumpEvents</method>
      <line>161</line>
    </frame>
    <frame>
      <class>java.awt.EventDispatchThread</class>
      <method>run</method>
      <line>122</line>
    </frame>
  </exception>
</record>
<record>
  <date>2010-07-02T09:21:41</date>
  <millis>1278076901078</millis>
  <sequence>10</sequence>
  <logger>ar.com.crowsoft.cvxi</logger>
  <level>WARNING</level>
  <class>buggymastercode.ClassDialog</class>
  <method>loadVariables</method>
  <thread>10</thread>
  <message>loading functions failed</message>
  <exception>
    <message>java.lang.IllegalArgumentException: Invalid property name 'var_dataty'</message>
    <frame>
      <class>org.apache.commons.beanutils.BasicDynaBean</class>
      <method>getDynaProperty</method>
      <line>400</line>
    </frame>
    <frame>
      <class>org.apache.commons.beanutils.BasicDynaBean</class>
      <method>get</method>
      <line>151</line>
    </frame>
    <frame>
      <class>buggymastercode.ClassDialog</class>
      <method>loadVariables</method>
      <line>567</line>
    </frame>
    <frame>
      <class>buggymastercode.ClassDialog</class>
      <method>initDialog</method>
      <line>415</line>
    </frame>
    <frame>
      <class>buggymastercode.ClassDialog</class>
      <method>edit</method>
      <line>447</line>
    </frame>
    <frame>
      <class>buggymastercode.Dictionary</class>
      <method>editClass</method>
      <line>212</line>
    </frame>
    <frame>
      <class>buggymastercode.Dictionary$1</class>
      <method>mouseClicked</method>
      <line>46</line>
    </frame>
    <frame>
      <class>java.awt.AWTEventMulticaster</class>
      <method>mouseClicked</method>
      <line>253</line>
    </frame>
    <frame>
      <class>java.awt.Component</class>
      <method>processMouseEvent</method>
      <line>6266</line>
    </frame>
    <frame>
      <class>javax.swing.JComponent</class>
      <method>processMouseEvent</method>
      <line>3267</line>
    </frame>
    <frame>
      <class>java.awt.Component</class>
      <method>processEvent</method>
      <line>6028</line>
    </frame>
    <frame>
      <class>java.awt.Container</class>
      <method>processEvent</method>
      <line>2041</line>
    </frame>
    <frame>
      <class>java.awt.Component</class>
      <method>dispatchEventImpl</method>
      <line>4630</line>
    </frame>
    <frame>
      <class>java.awt.Container</class>
      <method>dispatchEventImpl</method>
      <line>2099</line>
    </frame>
    <frame>
      <class>java.awt.Component</class>
      <method>dispatchEvent</method>
      <line>4460</line>
    </frame>
    <frame>
      <class>java.awt.LightweightDispatcher</class>
      <method>retargetMouseEvent</method>
      <line>4574</line>
    </frame>
    <frame>
      <class>java.awt.LightweightDispatcher</class>
      <method>processMouseEvent</method>
      <line>4247</line>
    </frame>
    <frame>
      <class>java.awt.LightweightDispatcher</class>
      <method>dispatchEvent</method>
      <line>4168</line>
    </frame>
    <frame>
      <class>java.awt.Container</class>
      <method>dispatchEventImpl</method>
      <line>2085</line>
    </frame>
    <frame>
      <class>java.awt.Window</class>
      <method>dispatchEventImpl</method>
      <line>2475</line>
    </frame>
    <frame>
      <class>java.awt.Component</class>
      <method>dispatchEvent</method>
      <line>4460</line>
    </frame>
    <frame>
      <class>java.awt.EventQueue</class>
      <method>dispatchEvent</method>
      <line>599</line>
    </frame>
    <frame>
      <class>java.awt.EventDispatchThread</class>
      <method>pumpOneEventForFilters</method>
      <line>269</line>
    </frame>
    <frame>
      <class>java.awt.EventDispatchThread</class>
      <method>pumpEventsForFilter</method>
      <line>184</line>
    </frame>
    <frame>
      <class>java.awt.EventDispatchThread</class>
      <method>pumpEventsForFilter</method>
      <line>178</line>
    </frame>
    <frame>
      <class>java.awt.Dialog$1</class>
      <method>run</method>
      <line>1045</line>
    </frame>
    <frame>
      <class>java.awt.Dialog$3</class>
      <method>run</method>
      <line>1097</line>
    </frame>
    <frame>
      <class>java.security.AccessController</class>
      <method>doPrivileged</method>
    </frame>
    <frame>
      <class>java.awt.Dialog</class>
      <method>show</method>
      <line>1095</line>
    </frame>
    <frame>
      <class>java.awt.Component</class>
      <method>show</method>
      <line>1563</line>
    </frame>
    <frame>
      <class>java.awt.Component</class>
      <method>setVisible</method>
      <line>1515</line>
    </frame>
    <frame>
      <class>java.awt.Window</class>
      <method>setVisible</method>
      <line>841</line>
    </frame>
    <frame>
      <class>java.awt.Dialog</class>
      <method>setVisible</method>
      <line>985</line>
    </frame>
    <frame>
      <class>org.jdesktop.application.SingleFrameApplication</class>
      <method>show</method>
      <line>296</line>
    </frame>
    <frame>
      <class>buggymastercode.BuggyMasterCodeView</class>
      <method>showDictionary</method>
      <line>370</line>
    </frame>
    <frame>
      <class>sun.reflect.NativeMethodAccessorImpl</class>
      <method>invoke0</method>
    </frame>
    <frame>
      <class>sun.reflect.NativeMethodAccessorImpl</class>
      <method>invoke</method>
      <line>39</line>
    </frame>
    <frame>
      <class>sun.reflect.DelegatingMethodAccessorImpl</class>
      <method>invoke</method>
      <line>25</line>
    </frame>
    <frame>
      <class>java.lang.reflect.Method</class>
      <method>invoke</method>
      <line>597</line>
    </frame>
    <frame>
      <class>org.jdesktop.application.ApplicationAction</class>
      <method>noProxyActionPerformed</method>
      <line>662</line>
    </frame>
    <frame>
      <class>org.jdesktop.application.ApplicationAction</class>
      <method>actionPerformed</method>
      <line>698</line>
    </frame>
    <frame>
      <class>javax.swing.AbstractButton</class>
      <method>fireActionPerformed</method>
      <line>1995</line>
    </frame>
    <frame>
      <class>javax.swing.AbstractButton$Handler</class>
      <method>actionPerformed</method>
      <line>2318</line>
    </frame>
    <frame>
      <class>javax.swing.DefaultButtonModel</class>
      <method>fireActionPerformed</method>
      <line>387</line>
    </frame>
    <frame>
      <class>javax.swing.DefaultButtonModel</class>
      <method>setPressed</method>
      <line>242</line>
    </frame>
    <frame>
      <class>javax.swing.AbstractButton</class>
      <method>doClick</method>
      <line>357</line>
    </frame>
    <frame>
      <class>javax.swing.plaf.basic.BasicMenuItemUI</class>
      <method>doClick</method>
      <line>1225</line>
    </frame>
    <frame>
      <class>javax.swing.plaf.basic.BasicMenuItemUI$Handler</class>
      <method>mouseReleased</method>
      <line>1266</line>
    </frame>
    <frame>
      <class>java.awt.AWTEventMulticaster</class>
      <method>mouseReleased</method>
      <line>272</line>
    </frame>
    <frame>
      <class>java.awt.Component</class>
      <method>processMouseEvent</method>
      <line>6263</line>
    </frame>
    <frame>
      <class>javax.swing.JComponent</class>
      <method>processMouseEvent</method>
      <line>3267</line>
    </frame>
    <frame>
      <class>java.awt.Component</class>
      <method>processEvent</method>
      <line>6028</line>
    </frame>
    <frame>
      <class>java.awt.Container</class>
      <method>processEvent</method>
      <line>2041</line>
    </frame>
    <frame>
      <class>java.awt.Component</class>
      <method>dispatchEventImpl</method>
      <line>4630</line>
    </frame>
    <frame>
      <class>java.awt.Container</class>
      <method>dispatchEventImpl</method>
      <line>2099</line>
    </frame>
    <frame>
      <class>java.awt.Component</class>
      <method>dispatchEvent</method>
      <line>4460</line>
    </frame>
    <frame>
      <class>java.awt.LightweightDispatcher</class>
      <method>retargetMouseEvent</method>
      <line>4574</line>
    </frame>
    <frame>
      <class>java.awt.LightweightDispatcher</class>
      <method>processMouseEvent</method>
      <line>4238</line>
    </frame>
    <frame>
      <class>java.awt.LightweightDispatcher</class>
      <method>dispatchEvent</method>
      <line>4168</line>
    </frame>
    <frame>
      <class>java.awt.Container</class>
      <method>dispatchEventImpl</method>
      <line>2085</line>
    </frame>
    <frame>
      <class>java.awt.Window</class>
      <method>dispatchEventImpl</method>
      <line>2475</line>
    </frame>
    <frame>
      <class>java.awt.Component</class>
      <method>dispatchEvent</method>
      <line>4460</line>
    </frame>
    <frame>
      <class>java.awt.EventQueue</class>
      <method>dispatchEvent</method>
      <line>599</line>
    </frame>
    <frame>
      <class>java.awt.EventDispatchThread</class>
      <method>pumpOneEventForFilters</method>
      <line>269</line>
    </frame>
    <frame>
      <class>java.awt.EventDispatchThread</class>
      <method>pumpEventsForFilter</method>
      <line>184</line>
    </frame>
    <frame>
      <class>java.awt.EventDispatchThread</class>
      <method>pumpEventsForHierarchy</method>
      <line>174</line>
    </frame>
    <frame>
      <class>java.awt.EventDispatchThread</class>
      <method>pumpEvents</method>
      <line>169</line>
    </frame>
    <frame>
      <class>java.awt.EventDispatchThread</class>
      <method>pumpEvents</method>
      <line>161</line>
    </frame>
    <frame>
      <class>java.awt.EventDispatchThread</class>
      <method>run</method>
      <line>122</line>
    </frame>
  </exception>
</record>
<record>
  <date>2010-07-02T09:21:49</date>
  <millis>1278076909453</millis>
  <sequence>11</sequence>
  <logger>ar.com.crowsoft.cvxi</logger>
  <level>WARNING</level>
  <class>buggymastercode.ClassDialog</class>
  <method>loadVariables</method>
  <thread>10</thread>
  <message>loading functions failed</message>
  <exception>
    <message>java.lang.IllegalArgumentException: Invalid property name 'var_dataty'</message>
    <frame>
      <class>org.apache.commons.beanutils.BasicDynaBean</class>
      <method>getDynaProperty</method>
      <line>400</line>
    </frame>
    <frame>
      <class>org.apache.commons.beanutils.BasicDynaBean</class>
      <method>get</method>
      <line>151</line>
    </frame>
    <frame>
      <class>buggymastercode.ClassDialog</class>
      <method>loadVariables</method>
      <line>567</line>
    </frame>
    <frame>
      <class>buggymastercode.ClassDialog</class>
      <method>initDialog</method>
      <line>415</line>
    </frame>
    <frame>
      <class>buggymastercode.ClassDialog</class>
      <method>edit</method>
      <line>447</line>
    </frame>
    <frame>
      <class>buggymastercode.Dictionary</class>
      <method>editClass</method>
      <line>212</line>
    </frame>
    <frame>
      <class>buggymastercode.Dictionary$1</class>
      <method>mouseClicked</method>
      <line>46</line>
    </frame>
    <frame>
      <class>java.awt.AWTEventMulticaster</class>
      <method>mouseClicked</method>
      <line>253</line>
    </frame>
    <frame>
      <class>java.awt.Component</class>
      <method>processMouseEvent</method>
      <line>6266</line>
    </frame>
    <frame>
      <class>javax.swing.JComponent</class>
      <method>processMouseEvent</method>
      <line>3267</line>
    </frame>
    <frame>
      <class>java.awt.Component</class>
      <method>processEvent</method>
      <line>6028</line>
    </frame>
    <frame>
      <class>java.awt.Container</class>
      <method>processEvent</method>
      <line>2041</line>
    </frame>
    <frame>
      <class>java.awt.Component</class>
      <method>dispatchEventImpl</method>
      <line>4630</line>
    </frame>
    <frame>
      <class>java.awt.Container</class>
      <method>dispatchEventImpl</method>
      <line>2099</line>
    </frame>
    <frame>
      <class>java.awt.Component</class>
      <method>dispatchEvent</method>
      <line>4460</line>
    </frame>
    <frame>
      <class>java.awt.LightweightDispatcher</class>
      <method>retargetMouseEvent</method>
      <line>4574</line>
    </frame>
    <frame>
      <class>java.awt.LightweightDispatcher</class>
      <method>processMouseEvent</method>
      <line>4247</line>
    </frame>
    <frame>
      <class>java.awt.LightweightDispatcher</class>
      <method>dispatchEvent</method>
      <line>4168</line>
    </frame>
    <frame>
      <class>java.awt.Container</class>
      <method>dispatchEventImpl</method>
      <line>2085</line>
    </frame>
    <frame>
      <class>java.awt.Window</class>
      <method>dispatchEventImpl</method>
      <line>2475</line>
    </frame>
    <frame>
      <class>java.awt.Component</class>
      <method>dispatchEvent</method>
      <line>4460</line>
    </frame>
    <frame>
      <class>java.awt.EventQueue</class>
      <method>dispatchEvent</method>
      <line>599</line>
    </frame>
    <frame>
      <class>java.awt.EventDispatchThread</class>
      <method>pumpOneEventForFilters</method>
      <line>269</line>
    </frame>
    <frame>
      <class>java.awt.EventDispatchThread</class>
      <method>pumpEventsForFilter</method>
      <line>184</line>
    </frame>
    <frame>
      <class>java.awt.EventDispatchThread</class>
      <method>pumpEventsForFilter</method>
      <line>178</line>
    </frame>
    <frame>
      <class>java.awt.Dialog$1</class>
      <method>run</method>
      <line>1045</line>
    </frame>
    <frame>
      <class>java.awt.Dialog$3</class>
      <method>run</method>
      <line>1097</line>
    </frame>
    <frame>
      <class>java.security.AccessController</class>
      <method>doPrivileged</method>
    </frame>
    <frame>
      <class>java.awt.Dialog</class>
      <method>show</method>
      <line>1095</line>
    </frame>
    <frame>
      <class>java.awt.Component</class>
      <method>show</method>
      <line>1563</line>
    </frame>
    <frame>
      <class>java.awt.Component</class>
      <method>setVisible</method>
      <line>1515</line>
    </frame>
    <frame>
      <class>java.awt.Window</class>
      <method>setVisible</method>
      <line>841</line>
    </frame>
    <frame>
      <class>java.awt.Dialog</class>
      <method>setVisible</method>
      <line>985</line>
    </frame>
    <frame>
      <class>org.jdesktop.application.SingleFrameApplication</class>
      <method>show</method>
      <line>296</line>
    </frame>
    <frame>
      <class>buggymastercode.BuggyMasterCodeView</class>
      <method>showDictionary</method>
      <line>370</line>
    </frame>
    <frame>
      <class>sun.reflect.NativeMethodAccessorImpl</class>
      <method>invoke0</method>
    </frame>
    <frame>
      <class>sun.reflect.NativeMethodAccessorImpl</class>
      <method>invoke</method>
      <line>39</line>
    </frame>
    <frame>
      <class>sun.reflect.DelegatingMethodAccessorImpl</class>
      <method>invoke</method>
      <line>25</line>
    </frame>
    <frame>
      <class>java.lang.reflect.Method</class>
      <method>invoke</method>
      <line>597</line>
    </frame>
    <frame>
      <class>org.jdesktop.application.ApplicationAction</class>
      <method>noProxyActionPerformed</method>
      <line>662</line>
    </frame>
    <frame>
      <class>org.jdesktop.application.ApplicationAction</class>
      <method>actionPerformed</method>
      <line>698</line>
    </frame>
    <frame>
      <class>javax.swing.AbstractButton</class>
      <method>fireActionPerformed</method>
      <line>1995</line>
    </frame>
    <frame>
      <class>javax.swing.AbstractButton$Handler</class>
      <method>actionPerformed</method>
      <line>2318</line>
    </frame>
    <frame>
      <class>javax.swing.DefaultButtonModel</class>
      <method>fireActionPerformed</method>
      <line>387</line>
    </frame>
    <frame>
      <class>javax.swing.DefaultButtonModel</class>
      <method>setPressed</method>
      <line>242</line>
    </frame>
    <frame>
      <class>javax.swing.AbstractButton</class>
      <method>doClick</method>
      <line>357</line>
    </frame>
    <frame>
      <class>javax.swing.plaf.basic.BasicMenuItemUI</class>
      <method>doClick</method>
      <line>1225</line>
    </frame>
    <frame>
      <class>javax.swing.plaf.basic.BasicMenuItemUI$Handler</class>
      <method>mouseReleased</method>
      <line>1266</line>
    </frame>
    <frame>
      <class>java.awt.AWTEventMulticaster</class>
      <method>mouseReleased</method>
      <line>272</line>
    </frame>
    <frame>
      <class>java.awt.Component</class>
      <method>processMouseEvent</method>
      <line>6263</line>
    </frame>
    <frame>
      <class>javax.swing.JComponent</class>
      <method>processMouseEvent</method>
      <line>3267</line>
    </frame>
    <frame>
      <class>java.awt.Component</class>
      <method>processEvent</method>
      <line>6028</line>
    </frame>
    <frame>
      <class>java.awt.Container</class>
      <method>processEvent</method>
      <line>2041</line>
    </frame>
    <frame>
      <class>java.awt.Component</class>
      <method>dispatchEventImpl</method>
      <line>4630</line>
    </frame>
    <frame>
      <class>java.awt.Container</class>
      <method>dispatchEventImpl</method>
      <line>2099</line>
    </frame>
    <frame>
      <class>java.awt.Component</class>
      <method>dispatchEvent</method>
      <line>4460</line>
    </frame>
    <frame>
      <class>java.awt.LightweightDispatcher</class>
      <method>retargetMouseEvent</method>
      <line>4574</line>
    </frame>
    <frame>
      <class>java.awt.LightweightDispatcher</class>
      <method>processMouseEvent</method>
      <line>4238</line>
    </frame>
    <frame>
      <class>java.awt.LightweightDispatcher</class>
      <method>dispatchEvent</method>
      <line>4168</line>
    </frame>
    <frame>
      <class>java.awt.Container</class>
      <method>dispatchEventImpl</method>
      <line>2085</line>
    </frame>
    <frame>
      <class>java.awt.Window</class>
      <method>dispatchEventImpl</method>
      <line>2475</line>
    </frame>
    <frame>
      <class>java.awt.Component</class>
      <method>dispatchEvent</method>
      <line>4460</line>
    </frame>
    <frame>
      <class>java.awt.EventQueue</class>
      <method>dispatchEvent</method>
      <line>599</line>
    </frame>
    <frame>
      <class>java.awt.EventDispatchThread</class>
      <method>pumpOneEventForFilters</method>
      <line>269</line>
    </frame>
    <frame>
      <class>java.awt.EventDispatchThread</class>
      <method>pumpEventsForFilter</method>
      <line>184</line>
    </frame>
    <frame>
      <class>java.awt.EventDispatchThread</class>
      <method>pumpEventsForHierarchy</method>
      <line>174</line>
    </frame>
    <frame>
      <class>java.awt.EventDispatchThread</class>
      <method>pumpEvents</method>
      <line>169</line>
    </frame>
    <frame>
      <class>java.awt.EventDispatchThread</class>
      <method>pumpEvents</method>
      <line>161</line>
    </frame>
    <frame>
      <class>java.awt.EventDispatchThread</class>
      <method>run</method>
      <line>122</line>
    </frame>
  </exception>
</record>
<record>
  <date>2010-07-02T09:22:02</date>
  <millis>1278076922093</millis>
  <sequence>12</sequence>
  <logger>ar.com.crowsoft.cvxi</logger>
  <level>WARNING</level>
  <class>buggymastercode.ClassDialog</class>
  <method>loadVariables</method>
  <thread>10</thread>
  <message>loading functions failed</message>
  <exception>
    <message>java.lang.IllegalArgumentException: Invalid property name 'var_dataty'</message>
    <frame>
      <class>org.apache.commons.beanutils.BasicDynaBean</class>
      <method>getDynaProperty</method>
      <line>400</line>
    </frame>
    <frame>
      <class>org.apache.commons.beanutils.BasicDynaBean</class>
      <method>get</method>
      <line>151</line>
    </frame>
    <frame>
      <class>buggymastercode.ClassDialog</class>
      <method>loadVariables</method>
      <line>567</line>
    </frame>
    <frame>
      <class>buggymastercode.ClassDialog</class>
      <method>initDialog</method>
      <line>415</line>
    </frame>
    <frame>
      <class>buggymastercode.ClassDialog</class>
      <method>edit</method>
      <line>447</line>
    </frame>
    <frame>
      <class>buggymastercode.Dictionary</class>
      <method>editClass</method>
      <line>212</line>
    </frame>
    <frame>
      <class>buggymastercode.Dictionary$1</class>
      <method>mouseClicked</method>
      <line>46</line>
    </frame>
    <frame>
      <class>java.awt.AWTEventMulticaster</class>
      <method>mouseClicked</method>
      <line>253</line>
    </frame>
    <frame>
      <class>java.awt.Component</class>
      <method>processMouseEvent</method>
      <line>6266</line>
    </frame>
    <frame>
      <class>javax.swing.JComponent</class>
      <method>processMouseEvent</method>
      <line>3267</line>
    </frame>
    <frame>
      <class>java.awt.Component</class>
      <method>processEvent</method>
      <line>6028</line>
    </frame>
    <frame>
      <class>java.awt.Container</class>
      <method>processEvent</method>
      <line>2041</line>
    </frame>
    <frame>
      <class>java.awt.Component</class>
      <method>dispatchEventImpl</method>
      <line>4630</line>
    </frame>
    <frame>
      <class>java.awt.Container</class>
      <method>dispatchEventImpl</method>
      <line>2099</line>
    </frame>
    <frame>
      <class>java.awt.Component</class>
      <method>dispatchEvent</method>
      <line>4460</line>
    </frame>
    <frame>
      <class>java.awt.LightweightDispatcher</class>
      <method>retargetMouseEvent</method>
      <line>4574</line>
    </frame>
    <frame>
      <class>java.awt.LightweightDispatcher</class>
      <method>processMouseEvent</method>
      <line>4247</line>
    </frame>
    <frame>
      <class>java.awt.LightweightDispatcher</class>
      <method>dispatchEvent</method>
      <line>4168</line>
    </frame>
    <frame>
      <class>java.awt.Container</class>
      <method>dispatchEventImpl</method>
      <line>2085</line>
    </frame>
    <frame>
      <class>java.awt.Window</class>
      <method>dispatchEventImpl</method>
      <line>2475</line>
    </frame>
    <frame>
      <class>java.awt.Component</class>
      <method>dispatchEvent</method>
      <line>4460</line>
    </frame>
    <frame>
      <class>java.awt.EventQueue</class>
      <method>dispatchEvent</method>
      <line>599</line>
    </frame>
    <frame>
      <class>java.awt.EventDispatchThread</class>
      <method>pumpOneEventForFilters</method>
      <line>269</line>
    </frame>
    <frame>
      <class>java.awt.EventDispatchThread</class>
      <method>pumpEventsForFilter</method>
      <line>184</line>
    </frame>
    <frame>
      <class>java.awt.EventDispatchThread</class>
      <method>pumpEventsForFilter</method>
      <line>178</line>
    </frame>
    <frame>
      <class>java.awt.Dialog$1</class>
      <method>run</method>
      <line>1045</line>
    </frame>
    <frame>
      <class>java.awt.Dialog$3</class>
      <method>run</method>
      <line>1097</line>
    </frame>
    <frame>
      <class>java.security.AccessController</class>
      <method>doPrivileged</method>
    </frame>
    <frame>
      <class>java.awt.Dialog</class>
      <method>show</method>
      <line>1095</line>
    </frame>
    <frame>
      <class>java.awt.Component</class>
      <method>show</method>
      <line>1563</line>
    </frame>
    <frame>
      <class>java.awt.Component</class>
      <method>setVisible</method>
      <line>1515</line>
    </frame>
    <frame>
      <class>java.awt.Window</class>
      <method>setVisible</method>
      <line>841</line>
    </frame>
    <frame>
      <class>java.awt.Dialog</class>
      <method>setVisible</method>
      <line>985</line>
    </frame>
    <frame>
      <class>org.jdesktop.application.SingleFrameApplication</class>
      <method>show</method>
      <line>296</line>
    </frame>
    <frame>
      <class>buggymastercode.BuggyMasterCodeView</class>
      <method>showDictionary</method>
      <line>370</line>
    </frame>
    <frame>
      <class>sun.reflect.NativeMethodAccessorImpl</class>
      <method>invoke0</method>
    </frame>
    <frame>
      <class>sun.reflect.NativeMethodAccessorImpl</class>
      <method>invoke</method>
      <line>39</line>
    </frame>
    <frame>
      <class>sun.reflect.DelegatingMethodAccessorImpl</class>
      <method>invoke</method>
      <line>25</line>
    </frame>
    <frame>
      <class>java.lang.reflect.Method</class>
      <method>invoke</method>
      <line>597</line>
    </frame>
    <frame>
      <class>org.jdesktop.application.ApplicationAction</class>
      <method>noProxyActionPerformed</method>
      <line>662</line>
    </frame>
    <frame>
      <class>org.jdesktop.application.ApplicationAction</class>
      <method>actionPerformed</method>
      <line>698</line>
    </frame>
    <frame>
      <class>javax.swing.AbstractButton</class>
      <method>fireActionPerformed</method>
      <line>1995</line>
    </frame>
    <frame>
      <class>javax.swing.AbstractButton$Handler</class>
      <method>actionPerformed</method>
      <line>2318</line>
    </frame>
    <frame>
      <class>javax.swing.DefaultButtonModel</class>
      <method>fireActionPerformed</method>
      <line>387</line>
    </frame>
    <frame>
      <class>javax.swing.DefaultButtonModel</class>
      <method>setPressed</method>
      <line>242</line>
    </frame>
    <frame>
      <class>javax.swing.AbstractButton</class>
      <method>doClick</method>
      <line>357</line>
    </frame>
    <frame>
      <class>javax.swing.plaf.basic.BasicMenuItemUI</class>
      <method>doClick</method>
      <line>1225</line>
    </frame>
    <frame>
      <class>javax.swing.plaf.basic.BasicMenuItemUI$Handler</class>
      <method>mouseReleased</method>
      <line>1266</line>
    </frame>
    <frame>
      <class>java.awt.AWTEventMulticaster</class>
      <method>mouseReleased</method>
      <line>272</line>
    </frame>
    <frame>
      <class>java.awt.Component</class>
      <method>processMouseEvent</method>
      <line>6263</line>
    </frame>
    <frame>
      <class>javax.swing.JComponent</class>
      <method>processMouseEvent</method>
      <line>3267</line>
    </frame>
    <frame>
      <class>java.awt.Component</class>
      <method>processEvent</method>
      <line>6028</line>
    </frame>
    <frame>
      <class>java.awt.Container</class>
      <method>processEvent</method>
      <line>2041</line>
    </frame>
    <frame>
      <class>java.awt.Component</class>
      <method>dispatchEventImpl</method>
      <line>4630</line>
    </frame>
    <frame>
      <class>java.awt.Container</class>
      <method>dispatchEventImpl</method>
      <line>2099</line>
    </frame>
    <frame>
      <class>java.awt.Component</class>
      <method>dispatchEvent</method>
      <line>4460</line>
    </frame>
    <frame>
      <class>java.awt.LightweightDispatcher</class>
      <method>retargetMouseEvent</method>
      <line>4574</line>
    </frame>
    <frame>
      <class>java.awt.LightweightDispatcher</class>
      <method>processMouseEvent</method>
      <line>4238</line>
    </frame>
    <frame>
      <class>java.awt.LightweightDispatcher</class>
      <method>dispatchEvent</method>
      <line>4168</line>
    </frame>
    <frame>
      <class>java.awt.Container</class>
      <method>dispatchEventImpl</method>
      <line>2085</line>
    </frame>
    <frame>
      <class>java.awt.Window</class>
      <method>dispatchEventImpl</method>
      <line>2475</line>
    </frame>
    <frame>
      <class>java.awt.Component</class>
      <method>dispatchEvent</method>
      <line>4460</line>
    </frame>
    <frame>
      <class>java.awt.EventQueue</class>
      <method>dispatchEvent</method>
      <line>599</line>
    </frame>
    <frame>
      <class>java.awt.EventDispatchThread</class>
      <method>pumpOneEventForFilters</method>
      <line>269</line>
    </frame>
    <frame>
      <class>java.awt.EventDispatchThread</class>
      <method>pumpEventsForFilter</method>
      <line>184</line>
    </frame>
    <frame>
      <class>java.awt.EventDispatchThread</class>
      <method>pumpEventsForHierarchy</method>
      <line>174</line>
    </frame>
    <frame>
      <class>java.awt.EventDispatchThread</class>
      <method>pumpEvents</method>
      <line>169</line>
    </frame>
    <frame>
      <class>java.awt.EventDispatchThread</class>
      <method>pumpEvents</method>
      <line>161</line>
    </frame>
    <frame>
      <class>java.awt.EventDispatchThread</class>
      <method>run</method>
      <line>122</line>
    </frame>
  </exception>
</record>
