#
# A fatal error has been detected by the Java Runtime Environment:
#
#  EXCEPTION_ACCESS_VIOLATION (0xc0000005) at pc=0x6d8b2ef1, pid=2664, tid=3016
#
# JRE version: 6.0_14-b08
# Java VM: Java HotSpot(TM) Client VM (14.0-b16 mixed mode windows-x86 )
# Problematic frame:
# V  [jvm.dll+0x2ef1]
#
# If you would like to submit a bug report, please visit:
#   http://java.sun.com/webapps/bugreport/crash.jsp
#

---------------  T H R E A D  ---------------

Current thread (0x0aaf1000):  VMThread [stack: 0x0ab80000,0x0abd0000] [id=3016]

siginfo: ExceptionCode=0xc0000005, reading address 0x00002051

Registers:
EAX=0x00002001, EBX=0x0031d670, ECX=0x00020008, EDX=0x07820fa0
ESP=0x0abcf750, EBP=0x0abcf758, ESI=0x00020008, EDI=0x07820fa0
EIP=0x6d8b2ef1, EFLAGS=0x00010246

Top of Stack: (sp=0x0abcf750)
0x0abcf750:   07820fa0 07820fa0 0abcf768 6d8b2eac
0x0abcf760:   00000000 6da53052 0abcf780 6d8cfb5b
0x0abcf770:   07820fa0 0abcf7d0 0abcf7d0 0031ad20
0x0abcf780:   0abcf78c 6d98211b 07821138 0abcf79c
0x0abcf790:   6d97c1c3 07821138 0031d438 0abcf7a8
0x0abcf7a0:   6d97bf73 0031d630 0abcf7c0 6d931e24
0x0abcf7b0:   0abcf7d0 00000000 0031ad78 07821138
0x0abcf7c0:   0abcf7dc 6d97bd35 0abcf7d0 00000000 

Instructions: (pc=0x6d8b2ef1)
0x6d8b2ee1:   02 25 fe ff ff 3f 5e 5d c2 04 00 8b 06 52 8b ce
0x6d8b2ef1:   ff 50 50 5e 5d c2 04 00 cc cc cc cc cc cc cc 55 


Stack: [0x0ab80000,0x0abd0000],  sp=0x0abcf750,  free space=317k
Native frames: (J=compiled Java code, j=interpreted, Vv=VM code, C=native code)
V  [jvm.dll+0x2ef1]
V  [jvm.dll+0x2eac]
V  [jvm.dll+0x1fb5b]
V  [jvm.dll+0xd211b]
V  [jvm.dll+0xcc1c3]
V  [jvm.dll+0xcbf73]
V  [jvm.dll+0x81e24]
V  [jvm.dll+0xcbd35]
V  [jvm.dll+0xc6907]
V  [jvm.dll+0x15f275]
V  [jvm.dll+0x20405]
V  [jvm.dll+0xc8d76]
V  [jvm.dll+0xcbb05]
V  [jvm.dll+0x16d6eb]
V  [jvm.dll+0x16d97d]
V  [jvm.dll+0x16dbc3]
V  [jvm.dll+0x16dc64]
V  [jvm.dll+0xd6466]
V  [jvm.dll+0x15f6a4]
V  [jvm.dll+0xb1c39]
V  [jvm.dll+0xb1d52]
V  [jvm.dll+0x1cda15]
V  [jvm.dll+0x1cddea]
V  [jvm.dll+0x195d04]
V  [jvm.dll+0xc63bf]
V  [jvm.dll+0xc817e]
V  [jvm.dll+0xc836b]
V  [jvm.dll+0xcc36a]
V  [jvm.dll+0x1caa42]
V  [jvm.dll+0xc739c]
V  [jvm.dll+0x7d4fb]
V  [jvm.dll+0x1e643b]
V  [jvm.dll+0x1e8c03]
V  [jvm.dll+0x1e7e9e]
V  [jvm.dll+0x1e81ec]
V  [jvm.dll+0x1e8612]
V  [jvm.dll+0x1739dc]
C  [msvcr71.dll+0x9565]
C  [kernel32.dll+0xb729]

VM_Operation (0x0b51f45c): GenCollectForAllocation, mode: safepoint, requested by thread 0x0af3a400


---------------  P R O C E S S  ---------------

Java Threads: ( => current thread )
  0x0af3a400 JavaThread "SwingWorker-pool-4-thread-6" [_thread_blocked, id=3304, stack(0x0b4d0000,0x0b520000)]
  0x0b70fc00 JavaThread "Swing-Shell" daemon [_thread_blocked, id=1200, stack(0x0bd20000,0x0bd70000)]
  0x0b6aa400 JavaThread "D3D Screen Updater" daemon [_thread_blocked, id=3556, stack(0x0ba60000,0x0bab0000)]
  0x0b6a4c00 JavaThread "TimerQueue" daemon [_thread_blocked, id=3824, stack(0x0ba10000,0x0ba60000)]
  0x00317800 JavaThread "DestroyJavaVM" [_thread_blocked, id=1988, stack(0x008e0000,0x00930000)]
  0x0af5b000 JavaThread "AWT-EventQueue-0" [_thread_blocked, id=3748, stack(0x0b2c0000,0x0b310000)]
  0x0af58000 JavaThread "AWT-Windows" daemon [_thread_in_native, id=1912, stack(0x0b230000,0x0b280000)]
  0x0af56400 JavaThread "AWT-Shutdown" [_thread_blocked, id=3944, stack(0x0b1e0000,0x0b230000)]
  0x0af55000 JavaThread "Java2D Disposer" daemon [_thread_blocked, id=1072, stack(0x0b190000,0x0b1e0000)]
  0x0ab27400 JavaThread "Low Memory Detector" daemon [_thread_blocked, id=2640, stack(0x0ae70000,0x0aec0000)]
  0x0ab26400 JavaThread "CompilerThread0" daemon [_thread_blocked, id=872, stack(0x0ae20000,0x0ae70000)]
  0x0ab19000 JavaThread "JDWP Command Reader" daemon [_thread_in_native, id=2864, stack(0x0add0000,0x0ae20000)]
  0x0ab17800 JavaThread "JDWP Event Helper Thread" daemon [_thread_blocked, id=1192, stack(0x0ad80000,0x0add0000)]
  0x0ab15000 JavaThread "JDWP Transport Listener: dt_shmem" daemon [_thread_blocked, id=2620, stack(0x0ad30000,0x0ad80000)]
  0x0ab0a000 JavaThread "Attach Listener" daemon [_thread_blocked, id=1756, stack(0x0acc0000,0x0ad10000)]
  0x0ab08c00 JavaThread "Signal Dispatcher" daemon [_thread_blocked, id=1240, stack(0x0ac70000,0x0acc0000)]
  0x0aaf6400 JavaThread "Finalizer" daemon [_thread_blocked, id=2976, stack(0x0ac20000,0x0ac70000)]
  0x0aaf5000 JavaThread "Reference Handler" daemon [_thread_blocked, id=2824, stack(0x0abd0000,0x0ac20000)]

Other Threads:
=>0x0aaf1000 VMThread [stack: 0x0ab80000,0x0abd0000] [id=3016]
  0x0ab32400 WatcherThread [stack: 0x0aec0000,0x0af10000] [id=2668]

VM state:at safepoint (normal execution)

VM Mutex/Monitor currently owned by a thread:  ([mutex/lock_event])
[0x00316780] Threads_lock - owner thread: 0x0aaf1000
[0x00316b90] Heap_lock - owner thread: 0x0af3a400

Heap
 def new generation   total 960K, used 35K [0x029e0000, 0x02ae0000, 0x02ec0000)
  eden space 896K,   0% used [0x029e0000, 0x029e0000, 0x02ac0000)
  from space 64K,  55% used [0x02ac0000, 0x02ac8f38, 0x02ad0000)
  to   space 64K,   0% used [0x02ad0000, 0x02ad0000, 0x02ae0000)
 tenured generation   total 5620K, used 5532K [0x02ec0000, 0x0343d000, 0x069e0000)
   the space 5620K,  98% used [0x02ec0000, 0x03427178, 0x0323e800, 0x0343d000)
 compacting perm gen  total 14848K, used 14822K [0x069e0000, 0x07860000, 0x0a9e0000)
   the space 14848K,  99% used [0x069e0000, 0x07859950, 0x07838c00, 0x07860000)
No shared spaces configured.

Dynamic libraries:
0x00400000 - 0x00424000 	C:\Oracle\Middleware\jdk160_14_R27.6.5-32\jre\bin\java.exe
0x7c910000 - 0x7c9c8000 	C:\WINDOWS\system32\ntdll.dll
0x7c800000 - 0x7c903000 	C:\WINDOWS\system32\kernel32.dll
0x77da0000 - 0x77e4c000 	C:\WINDOWS\system32\ADVAPI32.dll
0x77e50000 - 0x77ee2000 	C:\WINDOWS\system32\RPCRT4.dll
0x77fc0000 - 0x77fd1000 	C:\WINDOWS\system32\Secur32.dll
0x7c340000 - 0x7c396000 	C:\Oracle\Middleware\jdk160_14_R27.6.5-32\jre\bin\msvcr71.dll
0x6d8b0000 - 0x6db3b000 	C:\Oracle\Middleware\jdk160_14_R27.6.5-32\jre\bin\client\jvm.dll
0x7e390000 - 0x7e421000 	C:\WINDOWS\system32\USER32.dll
0x77ef0000 - 0x77f39000 	C:\WINDOWS\system32\GDI32.dll
0x76b00000 - 0x76b2e000 	C:\WINDOWS\system32\WINMM.dll
0x76340000 - 0x7635d000 	C:\WINDOWS\system32\IMM32.DLL
0x6d860000 - 0x6d86c000 	C:\Oracle\Middleware\jdk160_14_R27.6.5-32\jre\bin\verify.dll
0x6d3e0000 - 0x6d3ff000 	C:\Oracle\Middleware\jdk160_14_R27.6.5-32\jre\bin\java.dll
0x6d340000 - 0x6d348000 	C:\Oracle\Middleware\jdk160_14_R27.6.5-32\jre\bin\hpi.dll
0x76bb0000 - 0x76bbb000 	C:\WINDOWS\system32\PSAPI.DLL
0x6d430000 - 0x6d459000 	C:\Oracle\Middleware\jdk160_14_R27.6.5-32\jre\bin\jdwp.dll
0x6d750000 - 0x6d756000 	C:\Oracle\Middleware\jdk160_14_R27.6.5-32\jre\bin\npt.dll
0x6d8a0000 - 0x6d8af000 	C:\Oracle\Middleware\jdk160_14_R27.6.5-32\jre\bin\zip.dll
0x6d2a0000 - 0x6d2a8000 	C:\Oracle\Middleware\jdk160_14_R27.6.5-32\jre\bin\dt_shmem.dll
0x6d0b0000 - 0x6d1fa000 	C:\Oracle\Middleware\jdk160_14_R27.6.5-32\jre\bin\awt.dll
0x72f80000 - 0x72fa6000 	C:\WINDOWS\system32\WINSPOOL.DRV
0x77be0000 - 0x77c38000 	C:\WINDOWS\system32\msvcrt.dll
0x774b0000 - 0x775ed000 	C:\WINDOWS\system32\ole32.dll
0x773a0000 - 0x774a3000 	C:\WINDOWS\WinSxS\x86_Microsoft.Windows.Common-Controls_6595b64144ccf1df_6.0.2600.5512_x-ww_35d4ce83\comctl32.dll
0x77f40000 - 0x77fb6000 	C:\WINDOWS\system32\SHLWAPI.dll
0x5b150000 - 0x5b188000 	C:\WINDOWS\system32\uxtheme.dll
0x746b0000 - 0x746fc000 	C:\WINDOWS\system32\MSCTF.dll
0x75160000 - 0x7518e000 	C:\WINDOWS\system32\msctfime.ime
0x7e6a0000 - 0x7eec1000 	C:\WINDOWS\system32\shell32.dll
0x6d2e0000 - 0x6d334000 	C:\Oracle\Middleware\jdk160_14_R27.6.5-32\jre\bin\fontmanager.dll
0x6d6c0000 - 0x6d6d3000 	C:\Oracle\Middleware\jdk160_14_R27.6.5-32\jre\bin\net.dll
0x71a30000 - 0x71a47000 	C:\WINDOWS\system32\WS2_32.dll
0x71a20000 - 0x71a28000 	C:\WINDOWS\system32\WS2HELP.dll
0x6d6e0000 - 0x6d6e9000 	C:\Oracle\Middleware\jdk160_14_R27.6.5-32\jre\bin\nio.dll
0x4fd10000 - 0x4feb6000 	C:\WINDOWS\system32\d3d9.dll
0x6dea0000 - 0x6dea6000 	C:\WINDOWS\system32\d3d8thk.dll
0x77bd0000 - 0x77bd8000 	C:\WINDOWS\system32\VERSION.dll
0x770f0000 - 0x7717b000 	C:\WINDOWS\system32\OLEAUT32.DLL
0x719d0000 - 0x71a10000 	C:\WINDOWS\System32\mswsock.dll
0x76ee0000 - 0x76f07000 	C:\WINDOWS\system32\DNSAPI.dll
0x76f70000 - 0x76f78000 	C:\WINDOWS\System32\winrnr.dll
0x76f20000 - 0x76f4d000 	C:\WINDOWS\system32\WLDAP32.dll
0x66210000 - 0x66219000 	C:\WINDOWS\system32\netware\NWWS2NDS.DLL
0x50d50000 - 0x50d85000 	C:\WINDOWS\system32\NETWIN32.DLL
0x50d00000 - 0x50d16000 	C:\WINDOWS\system32\CLNWIN32.DLL
0x50df0000 - 0x50e15000 	C:\WINDOWS\system32\LOCWIN32.dll
0x50db0000 - 0x50de5000 	C:\WINDOWS\system32\NCPWIN32.dll
0x71a50000 - 0x71a5a000 	C:\WINDOWS\system32\WSOCK32.dll
0x66220000 - 0x6622c000 	C:\WINDOWS\system32\netware\NWWS2SLP.DLL
0x66250000 - 0x66257000 	C:\WINDOWS\system32\NWSRVLOC.dll
0x16080000 - 0x160a5000 	C:\Archivos de programa\Bonjour\mdnsNSP.dll
0x76d20000 - 0x76d39000 	C:\WINDOWS\system32\Iphlpapi.dll
0x76f80000 - 0x76f86000 	C:\WINDOWS\system32\rasadhlp.dll
0x66740000 - 0x66799000 	C:\WINDOWS\system32\hnetcfg.dll
0x71a10000 - 0x71a18000 	C:\WINDOWS\System32\wshtcpip.dll
0x778f0000 - 0x779e7000 	C:\WINDOWS\system32\SETUPAPI.dll
0x597f0000 - 0x59845000 	C:\WINDOWS\system32\netapi32.dll
0x77b10000 - 0x77b32000 	C:\WINDOWS\system32\appHelp.dll
0x76f90000 - 0x7700f000 	C:\WINDOWS\system32\CLBCATQ.DLL
0x77010000 - 0x770e0000 	C:\WINDOWS\system32\COMRes.dll
0x0be40000 - 0x0be58000 	C:\Archivos de programa\Archivos comunes\TortoiseOverlays\TortoiseOverlays.dll
0x0be70000 - 0x0be7e000 	C:\Archivos de programa\TortoiseSVN\bin\TortoiseStub.dll
0x0bea0000 - 0x0bf6a000 	C:\Archivos de programa\TortoiseSVN\bin\TortoiseSVN.dll
0x76740000 - 0x76749000 	C:\WINDOWS\system32\SHFOLDER.dll
0x3fa00000 - 0x3fad1000 	C:\WINDOWS\system32\WININET.dll
0x0bf80000 - 0x0bf89000 	C:\WINDOWS\system32\Normaliz.dll
0x400a0000 - 0x400e5000 	C:\WINDOWS\system32\iertutil.dll
0x6eec0000 - 0x6eee2000 	C:\Archivos de programa\TortoiseSVN\bin\libapr_tsvn.dll
0x78520000 - 0x785c3000 	C:\WINDOWS\WinSxS\x86_Microsoft.VC90.CRT_1fc8b3b9a1e18e3b_9.0.30729.4148_x-ww_d495ac4e\MSVCR90.dll
0x6ee60000 - 0x6ee8f000 	C:\Archivos de programa\TortoiseSVN\bin\libaprutil_tsvn.dll
0x10000000 - 0x10012000 	C:\Archivos de programa\TortoiseSVN\bin\intl3_tsvn.dll
0x78480000 - 0x7850e000 	C:\WINDOWS\WinSxS\x86_Microsoft.VC90.CRT_1fc8b3b9a1e18e3b_9.0.30729.4148_x-ww_d495ac4e\MSVCP90.dll
0x77a50000 - 0x77ae6000 	C:\WINDOWS\system32\CRYPT32.dll
0x77af0000 - 0x77b02000 	C:\WINDOWS\system32\MSASN1.dll
0x779f0000 - 0x77a45000 	C:\WINDOWS\System32\cscui.dll
0x765b0000 - 0x765cd000 	C:\WINDOWS\System32\CSCDLL.dll
0x0c2a0000 - 0x0c576000 	C:\WINDOWS\system32\xpsp2res.dll
0x0c580000 - 0x0c5db000 	C:\Archivos de programa\Archivos comunes\Adobe\Acrobat\ActiveX\PDFShell.dll
0x78130000 - 0x781cb000 	C:\WINDOWS\WinSxS\x86_Microsoft.VC80.CRT_1fc8b3b9a1e18e3b_8.0.50727.4053_x-ww_e6967989\MSVCR80.dll
0x71aa0000 - 0x71ab2000 	C:\WINDOWS\system32\MPR.dll
0x58200000 - 0x582d1000 	C:\WINDOWS\system32\NOVNPNT.DLL
0x0c5e0000 - 0x0c614000 	C:\WINDOWS\system32\CALWIN32.DLL
0x50da0000 - 0x50db0000 	C:\WINDOWS\system32\CLXWIN32.DLL
0x58300000 - 0x5833b000 	C:\WINDOWS\system32\MAPBASE.dll
0x58380000 - 0x583be000 	C:\WINDOWS\system32\NWSHLXNT.dll
0x6a400000 - 0x6a41c000 	C:\WINDOWS\system32\NLS\ENGLISH\MAPBASER.DLL
0x0c880000 - 0x0c89d000 	C:\WINDOWS\system32\NLS\ENGLISH\NWSHLXNR.DLL
0x0c8b0000 - 0x0c924000 	C:\WINDOWS\system32\NLS\ENGLISH\NOVNPNTR.DLL
0x75f10000 - 0x75f17000 	C:\WINDOWS\System32\drprov.dll
0x71bb0000 - 0x71bbe000 	C:\WINDOWS\System32\ntlanman.dll
0x71c70000 - 0x71c87000 	C:\WINDOWS\System32\NETUI0.dll
0x71c30000 - 0x71c70000 	C:\WINDOWS\System32\NETUI1.dll
0x71c20000 - 0x71c27000 	C:\WINDOWS\System32\NETRAP.dll
0x71b90000 - 0x71ba3000 	C:\WINDOWS\System32\SAMLIB.dll
0x75f20000 - 0x75f2a000 	C:\WINDOWS\System32\davclnt.dll
0x16210000 - 0x1648e000 	C:\WINDOWS\system32\wpdshext.dll
0x4eba0000 - 0x4ed4b000 	C:\WINDOWS\WinSxS\x86_Microsoft.Windows.GdiPlus_6595b64144ccf1df_1.0.6001.22319_x-ww_f0b4c2df\gdiplus.dll
0x10930000 - 0x10979000 	C:\WINDOWS\system32\PortableDeviceApi.dll
0x76bf0000 - 0x76c1e000 	C:\WINDOWS\system32\WINTRUST.dll
0x76c50000 - 0x76c78000 	C:\WINDOWS\system32\IMAGEHLP.dll
0x73cf0000 - 0x73d03000 	C:\WINDOWS\system32\shgina.dll
0x75920000 - 0x75a19000 	C:\WINDOWS\system32\MSGINA.dll
0x745e0000 - 0x7461d000 	C:\WINDOWS\system32\ODBC32.dll
0x76360000 - 0x763aa000 	C:\WINDOWS\system32\comdlg32.dll
0x76630000 - 0x766e5000 	C:\WINDOWS\system32\USERENV.dll
0x76310000 - 0x76320000 	C:\WINDOWS\system32\WINSTA.dll
0x1f840000 - 0x1f858000 	C:\WINDOWS\system32\odbcint.dll
0x0cb80000 - 0x0cbc6000 	C:\WINDOWS\system32\Audiodev.dll
0x15110000 - 0x1536c000 	C:\WINDOWS\system32\WMVCore.DLL
0x11c70000 - 0x11caa000 	C:\WINDOWS\system32\WMASF.DLL
0x4eee0000 - 0x4ef73000 	C:\WINDOWS\system32\wiashext.dll
0x73b20000 - 0x73b34000 	C:\WINDOWS\system32\sti.dll
0x74a70000 - 0x74a77000 	C:\WINDOWS\system32\CFGMGR32.dll
0x76940000 - 0x76948000 	C:\WINDOWS\system32\LINKINFO.dll
0x76950000 - 0x76976000 	C:\WINDOWS\system32\ntshrui.dll
0x76ae0000 - 0x76af1000 	C:\WINDOWS\system32\ATL.DLL

VM Arguments:
jvm_args: -Xdebug -Xrunjdwp:transport=dt_shmem,address=javadebug -Dfile.encoding=UTF-8 
java_command: buggymastercode.BuggyMasterCodeApp
Launcher Type: SUN_STANDARD

Environment Variables:
JAVA_HOME=C:\Oracle\Middleware\jdk160_14_R27.6.5-32
CLASSPATH=.;C:\Archivos de programa\Java\jre6\lib\ext\QTJava.zip
PATH=C:\Archivos de programa\Java\jre6\bin;C:\DevSuiteHome_2\jdk\jre\bin\classic;C:\DevSuiteHome_2\jdk\jre\bin;C:\DevSuiteHome_2\jdk\jre\bin\client;C:\DevSuiteHme_2\jlib;C:\DevSuiteHome_2\bin;C:\DevSuiteHome_2\jre\1.4.2\bin\client;C:\DevSuiteHome_2\jre\1.4.2\bin;C:\oraclexe\apporacle\product\10.2.0\server\bin;C:\glassfishv3\ant\bin;c:\glassfishv3;c:\glassfishv3\glassfish;C:\Oracle\Middleware\jk160_14_R27.6.5-32\bin;C:\Sun\SDK\bin;C:\WINDOWS\system32;C:\WINDOWS;C:\WINDOWS\System32\Wbem;C:\WINDOWS\system32\nls;C:\WINDOWS\system32\nls\ENGLISH;C:\Archivos de programa\Sybase\Shared\PowerBuilder;C:\WINDOWS\Microsoft.NET\Framework\v2.0.50727;C:\Archivos de programa\SQLAnywhere 11\bin32;C:\Archivos de programa\Sybase\PowerBuilder 11.5;C:\Archivos de programa\GtkSharp\2.12\bin;C:\Novell\GroupWise;C:\Archivos de programa\NUnit 2.4.8\bin;C:\jboss\jboss.5.00.cr2;C:\Archivos de programa\SlikSvn\bin\;C:\Archivos de programa\TortoiseSVN\bin;W:\APLICA\ORA92\BIN;C:\SARHA\SARHADLLS;C:\Archivos de programa\QuickTime\QTSystem\;Z:.
USERNAME=jalvarez
OS=Windows_NT
PROCESSOR_IDENTIFIER=x86 Family 6 Model 15 Stepping 13, GenuineIntel



---------------  S Y S T E M  ---------------

OS: Windows XP Build 2600 Service Pack 3

CPU:total 2 (2 cores per cpu, 1 threads per core) family 6 model 15 stepping 13, cmov, cx8, fxsr, mmx, sse, sse2, sse3, ssse3

Memory: 4k page, physical 1048044k(62368k free), swap 2519116k(1218072k free)

vm_info: Java HotSpot(TM) Client VM (14.0-b16) for windows-x86 JRE (1.6.0_14-b08), built on May 21 2009 08:03:56 by "java_re" with MS VC++ 7.1

time: Wed May 26 13:03:39 2010
elapsed time: 489 seconds

